2019-08-23 22:53:00,686 - Inside readOrder method
2019-08-23 22:53:09,775 - Inside processOrder method
2019-08-23 22:53:09,782 - Inside getPacksAndPrice method
2019-08-23 22:53:09,783 - Inside calculateMinPacks method
2019-08-23 22:54:56,614 - Inside readOrder method
2019-08-23 22:55:01,729 - Inside processOrder method
2019-08-23 22:55:01,731 - Inside getPacksAndPrice method
2019-08-23 22:55:01,731 - Inside calculateMinPacks method
2019-08-23 22:57:50,076 - Inside readOrder method
2019-08-23 22:57:54,848 - Inside processOrder method
2019-08-23 22:57:54,851 - Inside getPacksAndPrice method
2019-08-23 22:57:54,851 - Inside calculateMinPacks method
2019-08-23 22:59:59,676 - Inside readOrder method
2019-08-23 23:00:04,344 - Inside processOrder method
2019-08-23 23:00:04,351 - Inside getPacksAndPrice method
2019-08-23 23:00:04,352 - Inside calculateMinPacks method
2019-08-23 23:01:16,534 - Inside readOrder method
2019-08-23 23:01:20,809 - Inside processOrder method
2019-08-23 23:01:20,811 - Inside getPacksAndPrice method
2019-08-23 23:01:20,812 - Inside calculateMinPacks method
2019-08-23 23:18:24,439 - Inside readOrder method
2019-08-23 23:18:29,519 - Inside processOrder method
2019-08-23 23:18:29,521 - Inside getPacksAndPrice method
2019-08-23 23:18:29,522 - Inside calculateMinPacks method
2019-08-23 23:43:46,822 - Inside readOrder method
2019-08-23 23:43:53,202 - Inside processOrder method
2019-08-23 23:43:53,205 - Inside getPacksAndPrice method
2019-08-23 23:43:53,206 - Inside calculateMinPacks method
2019-08-23 23:43:53,207 - Inside calculateMinPacks method
2019-08-23 23:45:52,588 - Inside readOrder method
2019-08-23 23:45:57,886 - Inside processOrder method
2019-08-23 23:45:57,887 - Inside getPacksAndPrice method
2019-08-23 23:45:57,887 - Inside calculateMinPacks method
2019-08-23 23:45:57,887 - Inside calculateMinPacks method
2019-08-23 23:45:57,887 - Inside calculateMinPacks method
2019-08-23 23:47:55,707 - Inside readOrder method
2019-08-23 23:48:03,964 - Inside processOrder method
2019-08-23 23:48:03,970 - Inside getPacksAndPrice method
2019-08-23 23:48:03,974 - Inside calculateMinPacks method
2019-08-23 23:51:55,133 - Inside calculateMinPacks method
2019-08-23 23:53:36,399 - Inside calculateMinPacks method
2019-08-23 23:54:47,852 - Inside readOrder method
2019-08-23 23:54:54,861 - Inside processOrder method
2019-08-23 23:54:54,863 - Inside getPacksAndPrice method
2019-08-23 23:54:54,864 - Inside calculateMinPacks method
2019-08-23 23:55:24,573 - Inside readOrder method
2019-08-23 23:55:35,477 - Inside processOrder method
2019-08-23 23:55:35,484 - Inside getPacksAndPrice method
2019-08-23 23:55:35,484 - Inside calculateMinPacks method
2019-08-23 23:55:35,485 - Inside calculateMinPacks method
2019-08-23 23:55:35,485 - Inside calculateMinPacks method
2019-08-24 00:04:05,699 - Inside readOrder method
2019-08-24 00:04:11,586 - Inside processOrder method
2019-08-24 00:04:11,594 - Inside getPacksAndPrice method
2019-08-24 00:04:11,595 - Inside calculateMinPacks method
2019-08-24 00:04:11,595 - Inside calculateMinPacks method
2019-08-24 00:04:22,239 - Inside readOrder method
2019-08-24 00:04:30,921 - Inside processOrder method
2019-08-24 00:04:30,925 - Inside getPacksAndPrice method
2019-08-24 00:04:30,926 - Inside calculateMinPacks method
2019-08-24 00:04:37,389 - Inside readOrder method
2019-08-24 00:04:50,951 - Inside processOrder method
2019-08-24 00:04:50,954 - Inside getPacksAndPrice method
2019-08-24 00:04:50,954 - Inside calculateMinPacks method
2019-08-24 00:04:50,955 - Inside calculateMinPacks method
2019-08-24 00:08:29,324 - Inside readOrder method
2019-08-24 00:08:35,839 - Inside processOrder method
2019-08-24 00:08:35,843 - Inside getPacksAndPrice method
2019-08-24 00:08:35,844 - Inside calculateMinPacks method
2019-08-24 00:08:35,844 - Inside calculateMinPacks method
2019-08-24 00:09:24,071 - Inside readOrder method
2019-08-24 00:09:37,751 - Inside processOrder method
2019-08-24 00:09:37,754 - Inside getPacksAndPrice method
2019-08-24 00:09:37,755 - Inside calculateMinPacks method
2019-08-24 00:09:37,756 - Inside calculateMinPacks method
2019-08-24 00:13:02,172 - Inside readOrder method
2019-08-24 00:13:06,369 - Inside processOrder method
2019-08-24 00:13:06,381 - Inside getPacksAndPrice method
2019-08-24 00:13:06,381 - Inside calculateMinPacks method
2019-08-24 00:13:06,381 - Inside calculateMinPacks method
2019-08-24 00:13:06,382 - Inside calculateMinPacks method
2019-08-24 00:13:06,382 - Inside calculateMinPacks method
2019-08-24 00:30:09,520 - Inside readOrder method
2019-08-24 00:30:13,884 - Inside processOrder method
2019-08-24 00:30:13,898 - Inside getPackArray method
2019-08-24 00:30:13,898 - Inside calculateMinPacks method
2019-08-24 00:30:13,898 - Inside calculateMinPacks method
2019-08-24 00:30:13,898 - Inside calculateMinPacks method
2019-08-24 00:30:13,899 - Inside calculateMinPacks method
2019-08-24 00:30:13,899 - Inside calculateMinPacks method
2019-08-24 00:30:13,899 - Inside calculateMinPacks method
2019-08-24 00:30:13,899 - Inside calculateMinPacks method
2019-08-24 00:30:13,899 - Inside calculateMinPacks method
2019-08-24 00:30:13,899 - Inside calculateMinPacks method
2019-08-24 00:30:13,899 - Inside calculateMinPacks method
2019-08-24 00:30:13,900 - Inside calculateMinPacks method
2019-08-24 00:30:13,900 - Inside calculateMinPacks method
2019-08-24 00:30:13,900 - Inside calculateMinPacks method
2019-08-24 00:30:13,900 - Inside calculateMinPacks method
2019-08-24 00:30:13,900 - Inside calculateMinPacks method
2019-08-24 00:30:13,900 - Inside calculateMinPacks method
2019-08-24 00:30:13,900 - Inside calculateMinPacks method
2019-08-24 00:30:13,900 - Inside calculateMinPacks method
2019-08-24 00:30:13,900 - Inside calculateMinPacks method
2019-08-24 00:30:13,900 - Inside calculateMinPacks method
2019-08-24 00:30:13,900 - Inside calculateMinPacks method
2019-08-24 00:30:13,901 - Inside calculateMinPacks method
2019-08-24 00:30:13,901 - Inside calculateMinPacks method
2019-08-24 00:30:13,901 - Inside calculateMinPacks method
2019-08-24 00:30:13,901 - Inside calculateMinPacks method
2019-08-24 00:30:13,901 - Inside calculateMinPacks method
2019-08-24 00:30:13,901 - Inside calculateMinPacks method
2019-08-24 00:30:13,901 - Inside calculateMinPacks method
2019-08-24 00:30:13,902 - Inside calculateMinPacks method
2019-08-24 00:30:13,902 - Inside calculateMinPacks method
2019-08-24 00:30:13,902 - Inside calculateMinPacks method
2019-08-24 00:30:13,902 - Inside calculateMinPacks method
2019-08-24 00:30:13,902 - Inside calculateMinPacks method
2019-08-24 00:30:13,902 - Inside calculateMinPacks method
2019-08-24 00:30:13,902 - Inside calculateMinPacks method
2019-08-24 00:30:13,902 - Inside calculateMinPacks method
2019-08-24 00:30:13,903 - Inside calculateMinPacks method
2019-08-24 00:30:13,903 - Inside calculateMinPacks method
2019-08-24 00:30:13,903 - Inside calculateMinPacks method
2019-08-24 00:30:13,903 - Inside calculateMinPacks method
2019-08-24 00:30:13,903 - Inside calculateMinPacks method
2019-08-24 00:30:13,903 - Inside calculateMinPacks method
2019-08-24 00:30:13,903 - Inside calculateMinPacks method
2019-08-24 00:30:13,904 - Inside calculateMinPacks method
2019-08-24 00:30:13,904 - Inside calculateMinPacks method
2019-08-24 00:30:13,904 - Inside calculateMinPacks method
2019-08-24 00:30:13,904 - Inside calculateMinPacks method
2019-08-24 00:30:13,904 - Inside calculateMinPacks method
2019-08-24 00:30:13,904 - Inside calculateMinPacks method
2019-08-24 00:30:13,904 - Inside calculateMinPacks method
2019-08-24 00:30:13,904 - Inside calculateMinPacks method
2019-08-24 00:30:13,905 - Inside calculateMinPacks method
2019-08-24 00:30:13,905 - Inside calculateMinPacks method
2019-08-24 00:30:13,905 - Inside calculateMinPacks method
2019-08-24 00:30:13,905 - Inside calculateMinPacks method
2019-08-24 00:30:13,905 - Inside calculateMinPacks method
2019-08-24 00:30:13,905 - Inside calculateMinPacks method
2019-08-24 00:30:13,905 - Inside calculateMinPacks method
2019-08-24 00:30:13,905 - Inside calculateMinPacks method
2019-08-24 00:30:13,905 - Inside calculateMinPacks method
2019-08-24 00:30:13,905 - Inside calculateMinPacks method
2019-08-24 00:30:13,905 - Inside calculateMinPacks method
2019-08-24 00:30:13,905 - Inside calculateMinPacks method
2019-08-24 00:30:13,906 - Inside calculateMinPacks method
2019-08-24 00:30:13,906 - Inside calculateMinPacks method
2019-08-24 00:30:13,906 - Inside calculateMinPacks method
2019-08-24 00:30:13,906 - Inside calculateMinPacks method
2019-08-24 00:30:13,906 - Inside calculateMinPacks method
2019-08-24 00:30:13,906 - Inside calculateMinPacks method
2019-08-24 00:30:13,906 - Inside calculateMinPacks method
2019-08-24 00:30:13,906 - Inside calculateMinPacks method
2019-08-24 00:30:13,906 - Inside calculateMinPacks method
2019-08-24 00:30:13,906 - Inside calculateMinPacks method
2019-08-24 00:30:13,906 - Inside calculateMinPacks method
2019-08-24 00:30:13,906 - Inside calculateMinPacks method
2019-08-24 00:30:13,907 - Inside calculateMinPacks method
2019-08-24 00:30:13,907 - Inside calculateMinPacks method
2019-08-24 00:30:13,907 - Inside calculateMinPacks method
2019-08-24 00:30:13,907 - Inside calculateMinPacks method
2019-08-24 00:30:13,907 - Inside calculateMinPacks method
2019-08-24 00:30:13,907 - Inside calculateMinPacks method
2019-08-24 00:30:13,907 - Inside calculateMinPacks method
2019-08-24 00:30:13,907 - Inside calculateMinPacks method
2019-08-24 00:30:13,907 - Inside calculateMinPacks method
2019-08-24 00:30:13,907 - Inside calculateMinPacks method
2019-08-24 00:30:13,907 - Inside calculateMinPacks method
2019-08-24 00:30:13,908 - Inside calculateMinPacks method
2019-08-24 00:30:13,908 - Inside calculateMinPacks method
2019-08-24 00:30:13,908 - Inside calculateMinPacks method
2019-08-24 00:30:13,908 - Inside calculateMinPacks method
2019-08-24 00:30:13,908 - Inside calculateMinPacks method
2019-08-24 00:30:13,908 - Inside calculateMinPacks method
2019-08-24 00:30:13,908 - Inside calculateMinPacks method
2019-08-24 00:30:13,908 - Inside calculateMinPacks method
2019-08-24 00:30:13,908 - Inside calculateMinPacks method
2019-08-24 00:30:13,908 - Inside calculateMinPacks method
2019-08-24 00:30:13,908 - Inside calculateMinPacks method
2019-08-24 00:30:13,908 - Inside calculateMinPacks method
2019-08-24 00:30:13,908 - Inside calculateMinPacks method
2019-08-24 00:30:13,909 - Inside calculateMinPacks method
2019-08-24 00:30:13,909 - Inside calculateMinPacks method
2019-08-24 00:30:13,909 - Inside calculateMinPacks method
2019-08-24 00:30:13,909 - Inside calculateMinPacks method
2019-08-24 00:30:13,909 - Inside calculateMinPacks method
2019-08-24 00:30:13,909 - Inside calculateMinPacks method
2019-08-24 00:30:13,909 - Inside calculateMinPacks method
2019-08-24 00:30:13,909 - Inside calculateMinPacks method
2019-08-24 00:30:13,909 - Inside calculateMinPacks method
2019-08-24 00:30:13,909 - Inside calculateMinPacks method
2019-08-24 00:30:13,909 - Inside calculateMinPacks method
2019-08-24 00:30:13,910 - Inside calculateMinPacks method
2019-08-24 00:30:13,910 - Inside calculateMinPacks method
2019-08-24 00:30:13,910 - Inside calculateMinPacks method
2019-08-24 00:30:13,910 - Inside calculateMinPacks method
2019-08-24 00:30:13,910 - Inside calculateMinPacks method
2019-08-24 00:30:13,910 - Inside calculateMinPacks method
2019-08-24 00:30:13,910 - Inside calculateMinPacks method
2019-08-24 00:30:13,910 - Inside calculateMinPacks method
2019-08-24 00:30:13,911 - Inside calculateMinPacks method
2019-08-24 00:30:13,911 - Inside calculateMinPacks method
2019-08-24 00:30:13,911 - Inside calculateMinPacks method
2019-08-24 00:30:13,911 - Inside calculateMinPacks method
2019-08-24 00:30:13,911 - Inside calculateMinPacks method
2019-08-24 00:30:13,911 - Inside calculateMinPacks method
2019-08-24 00:30:13,911 - Inside calculateMinPacks method
2019-08-24 00:30:13,911 - Inside calculateMinPacks method
2019-08-24 00:30:13,911 - Inside calculateMinPacks method
2019-08-24 00:30:13,911 - Inside calculateMinPacks method
2019-08-24 00:30:13,911 - Inside calculateMinPacks method
2019-08-24 00:30:13,912 - Inside calculateMinPacks method
2019-08-24 00:30:13,912 - Inside calculateMinPacks method
2019-08-24 00:30:13,912 - Inside calculateMinPacks method
2019-08-24 00:30:13,912 - Inside calculateMinPacks method
2019-08-24 00:30:13,912 - Inside calculateMinPacks method
2019-08-24 00:30:13,912 - Inside calculateMinPacks method
2019-08-24 00:30:13,912 - Inside calculateMinPacks method
2019-08-24 00:30:13,912 - Inside calculateMinPacks method
2019-08-24 00:30:13,912 - Inside calculateMinPacks method
2019-08-24 00:30:13,912 - Inside calculateMinPacks method
2019-08-24 00:30:13,913 - Inside calculateMinPacks method
2019-08-24 00:30:13,913 - Inside calculateMinPacks method
2019-08-24 00:30:13,913 - Inside calculateMinPacks method
2019-08-24 00:30:13,913 - Inside calculateMinPacks method
2019-08-24 00:30:13,913 - Inside calculateMinPacks method
2019-08-24 00:30:13,913 - Inside calculateMinPacks method
2019-08-24 00:30:13,913 - Inside calculateMinPacks method
2019-08-24 00:30:13,913 - Inside calculateMinPacks method
2019-08-24 00:30:13,914 - Inside calculateMinPacks method
2019-08-24 00:30:13,914 - Inside calculateMinPacks method
2019-08-24 00:30:13,914 - Inside calculateMinPacks method
2019-08-24 00:30:13,915 - Inside calculateMinPacks method
2019-08-24 00:30:13,915 - Inside calculateMinPacks method
2019-08-24 00:30:13,915 - Inside calculateMinPacks method
2019-08-24 00:30:13,915 - Inside calculateMinPacks method
2019-08-24 00:30:13,915 - Inside calculateMinPacks method
2019-08-24 00:30:13,915 - Inside calculateMinPacks method
2019-08-24 00:30:13,915 - Inside calculateMinPacks method
2019-08-24 00:30:13,915 - Inside calculateMinPacks method
2019-08-24 00:30:13,915 - Inside calculateMinPacks method
2019-08-24 00:30:13,915 - Inside calculateMinPacks method
2019-08-24 00:30:13,915 - Inside calculateMinPacks method
2019-08-24 00:30:13,915 - Inside calculateMinPacks method
2019-08-24 00:30:13,916 - Inside calculateMinPacks method
2019-08-24 00:30:13,916 - Inside calculateMinPacks method
2019-08-24 00:30:13,916 - Inside calculateMinPacks method
2019-08-24 00:30:13,916 - Inside calculateMinPacks method
2019-08-24 00:30:13,916 - Inside calculateMinPacks method
2019-08-24 00:30:13,916 - Inside calculateMinPacks method
2019-08-24 00:30:13,916 - Inside calculateMinPacks method
2019-08-24 00:30:13,916 - Inside calculateMinPacks method
2019-08-24 00:30:13,916 - Inside calculateMinPacks method
2019-08-24 00:30:13,916 - Inside calculateMinPacks method
2019-08-24 00:30:13,916 - Inside calculateMinPacks method
2019-08-24 00:30:13,917 - Inside calculateMinPacks method
2019-08-24 00:30:13,917 - Inside calculateMinPacks method
2019-08-24 00:30:13,917 - Inside calculateMinPacks method
2019-08-24 00:30:13,917 - Inside calculateMinPacks method
2019-08-24 00:30:13,917 - Inside calculateMinPacks method
2019-08-24 00:30:13,917 - Inside calculateMinPacks method
2019-08-24 00:30:13,917 - Inside calculateMinPacks method
2019-08-24 00:30:13,917 - Inside calculateMinPacks method
2019-08-24 00:30:13,917 - Inside calculateMinPacks method
2019-08-24 00:30:13,917 - Inside calculateMinPacks method
2019-08-24 00:30:13,917 - Inside calculateMinPacks method
2019-08-24 00:30:13,918 - Inside calculateMinPacks method
2019-08-24 00:30:13,918 - Inside calculateMinPacks method
2019-08-24 00:30:13,918 - Inside calculateMinPacks method
2019-08-24 00:30:13,918 - Inside calculateMinPacks method
2019-08-24 00:30:13,918 - Inside calculateMinPacks method
2019-08-24 00:30:13,918 - Inside calculateMinPacks method
2019-08-24 00:30:13,918 - Inside calculateMinPacks method
2019-08-24 00:30:13,918 - Inside calculateMinPacks method
2019-08-24 00:30:13,918 - Inside calculateMinPacks method
2019-08-24 00:30:13,918 - Inside calculateMinPacks method
2019-08-24 00:30:13,918 - Inside calculateMinPacks method
2019-08-24 00:30:13,918 - Inside calculateMinPacks method
2019-08-24 00:30:13,919 - Inside calculateMinPacks method
2019-08-24 00:30:13,919 - Inside calculateMinPacks method
2019-08-24 00:30:13,919 - Inside calculateMinPacks method
2019-08-24 00:30:13,919 - Inside calculateMinPacks method
2019-08-24 00:30:13,919 - Inside calculateMinPacks method
2019-08-24 00:30:13,919 - Inside calculateMinPacks method
2019-08-24 00:30:13,919 - Inside calculateMinPacks method
2019-08-24 00:30:13,919 - Inside calculateMinPacks method
2019-08-24 00:30:13,919 - Inside calculateMinPacks method
2019-08-24 00:30:13,919 - Inside calculateMinPacks method
2019-08-24 00:30:13,919 - Inside calculateMinPacks method
2019-08-24 00:30:13,919 - Inside calculateMinPacks method
2019-08-24 00:30:13,920 - Inside calculateMinPacks method
2019-08-24 00:30:13,920 - Inside calculateMinPacks method
2019-08-24 00:30:13,920 - Inside calculateMinPacks method
2019-08-24 00:30:13,920 - Inside calculateMinPacks method
2019-08-24 00:30:13,920 - Inside calculateMinPacks method
2019-08-24 00:30:13,920 - Inside calculateMinPacks method
2019-08-24 00:30:13,920 - Inside calculateMinPacks method
2019-08-24 00:30:13,920 - Inside calculateMinPacks method
2019-08-24 00:30:13,920 - Inside calculateMinPacks method
2019-08-24 00:30:13,920 - Inside calculateMinPacks method
2019-08-24 00:30:13,920 - Inside calculateMinPacks method
2019-08-24 00:30:13,921 - Inside calculateMinPacks method
2019-08-24 00:30:13,921 - Inside calculateMinPacks method
2019-08-24 00:30:13,921 - Inside calculateMinPacks method
2019-08-24 00:30:13,921 - Inside calculateMinPacks method
2019-08-24 00:30:13,921 - Inside calculateMinPacks method
2019-08-24 00:30:13,921 - Inside calculateMinPacks method
2019-08-24 00:30:13,921 - Inside calculateMinPacks method
2019-08-24 00:30:13,921 - Inside calculateMinPacks method
2019-08-24 00:30:13,921 - Inside calculateMinPacks method
2019-08-24 00:30:13,921 - Inside calculateMinPacks method
2019-08-24 00:30:13,921 - Inside calculateMinPacks method
2019-08-24 00:30:13,921 - Inside calculateMinPacks method
2019-08-24 00:30:13,922 - Inside calculateMinPacks method
2019-08-24 00:30:13,922 - Inside calculateMinPacks method
2019-08-24 00:30:13,922 - Inside calculateMinPacks method
2019-08-24 00:30:13,922 - Inside calculateMinPacks method
2019-08-24 00:30:13,922 - Inside calculateMinPacks method
2019-08-24 00:30:13,922 - Inside calculateMinPacks method
2019-08-24 00:30:13,922 - Inside calculateMinPacks method
2019-08-24 00:30:13,922 - Inside calculateMinPacks method
2019-08-24 00:30:13,922 - Inside calculateMinPacks method
2019-08-24 00:30:13,922 - Inside calculateMinPacks method
2019-08-24 00:30:13,922 - Inside calculateMinPacks method
2019-08-24 00:30:13,923 - Inside calculateMinPacks method
2019-08-24 00:30:13,923 - Inside calculateMinPacks method
2019-08-24 00:30:13,923 - Inside calculateMinPacks method
2019-08-24 00:30:13,923 - Inside calculateMinPacks method
2019-08-24 00:30:13,923 - Inside calculateMinPacks method
2019-08-24 00:30:13,923 - Inside calculateMinPacks method
2019-08-24 00:30:13,923 - Inside calculateMinPacks method
2019-08-24 00:30:13,923 - Inside calculateMinPacks method
2019-08-24 00:30:13,923 - Inside calculateMinPacks method
2019-08-24 00:30:13,923 - Inside calculateMinPacks method
2019-08-24 00:30:13,923 - Inside calculateMinPacks method
2019-08-24 00:30:13,923 - Inside calculateMinPacks method
2019-08-24 00:30:13,924 - Inside calculateMinPacks method
2019-08-24 00:30:13,924 - Inside calculateMinPacks method
2019-08-24 00:30:13,924 - Inside calculateMinPacks method
2019-08-24 00:30:13,924 - Inside calculateMinPacks method
2019-08-24 00:30:13,924 - Inside calculateMinPacks method
2019-08-24 00:30:13,924 - Inside calculateMinPacks method
2019-08-24 00:30:13,924 - Inside calculateMinPacks method
2019-08-24 00:30:13,924 - Inside calculateMinPacks method
2019-08-24 00:30:13,924 - Inside calculateMinPacks method
2019-08-24 00:30:13,924 - Inside calculateMinPacks method
2019-08-24 00:30:13,924 - Inside calculateMinPacks method
2019-08-24 00:30:13,925 - Inside calculateMinPacks method
2019-08-24 00:30:13,925 - Inside calculateMinPacks method
2019-08-24 00:30:13,925 - Inside calculateMinPacks method
2019-08-24 00:30:13,925 - Inside calculateMinPacks method
2019-08-24 00:30:13,925 - Inside calculateMinPacks method
2019-08-24 00:30:13,925 - Inside calculateMinPacks method
2019-08-24 00:30:13,925 - Inside calculateMinPacks method
2019-08-24 00:30:13,925 - Inside calculateMinPacks method
2019-08-24 00:30:13,925 - Inside calculateMinPacks method
2019-08-24 00:30:13,925 - Inside calculateMinPacks method
2019-08-24 00:30:13,925 - Inside calculateMinPacks method
2019-08-24 00:30:13,925 - Inside calculateMinPacks method
2019-08-24 00:30:13,926 - Inside calculateMinPacks method
2019-08-24 00:30:13,926 - Inside calculateMinPacks method
2019-08-24 00:30:13,926 - Inside calculateMinPacks method
2019-08-24 00:30:13,926 - Inside calculateMinPacks method
2019-08-24 00:30:13,926 - Inside calculateMinPacks method
2019-08-24 00:30:13,926 - Inside calculateMinPacks method
2019-08-24 00:30:13,926 - Inside calculateMinPacks method
2019-08-24 00:30:13,926 - Inside calculateMinPacks method
2019-08-24 00:30:13,926 - Inside calculateMinPacks method
2019-08-24 00:30:13,926 - Inside calculateMinPacks method
2019-08-24 00:30:13,926 - Inside calculateMinPacks method
2019-08-24 00:30:13,926 - Inside calculateMinPacks method
2019-08-24 00:30:13,926 - Inside calculateMinPacks method
2019-08-24 00:30:13,927 - Inside calculateMinPacks method
2019-08-24 00:30:13,927 - Inside calculateMinPacks method
2019-08-24 00:30:13,927 - Inside calculateMinPacks method
2019-08-24 00:30:13,927 - Inside calculateMinPacks method
2019-08-24 00:30:13,927 - Inside calculateMinPacks method
2019-08-24 00:30:13,927 - Inside calculateMinPacks method
2019-08-24 00:30:13,927 - Inside calculateMinPacks method
2019-08-24 00:30:13,927 - Inside calculateMinPacks method
2019-08-24 00:30:13,927 - Inside calculateMinPacks method
2019-08-24 00:30:13,927 - Inside calculateMinPacks method
2019-08-24 00:30:13,927 - Inside calculateMinPacks method
2019-08-24 00:30:13,928 - Inside calculateMinPacks method
2019-08-24 00:30:13,928 - Inside calculateMinPacks method
2019-08-24 00:30:13,928 - Inside calculateMinPacks method
2019-08-24 00:30:13,928 - Inside calculateMinPacks method
2019-08-24 00:30:13,928 - Inside calculateMinPacks method
2019-08-24 00:30:13,928 - Inside calculateMinPacks method
2019-08-24 00:30:13,928 - Inside calculateMinPacks method
2019-08-24 00:30:13,928 - Inside calculateMinPacks method
2019-08-24 00:30:13,928 - Inside calculateMinPacks method
2019-08-24 00:30:13,928 - Inside calculateMinPacks method
2019-08-24 00:30:13,928 - Inside calculateMinPacks method
2019-08-24 00:30:13,928 - Inside calculateMinPacks method
2019-08-24 00:30:13,929 - Inside calculateMinPacks method
2019-08-24 00:30:13,929 - Inside calculateMinPacks method
2019-08-24 00:30:13,929 - Inside calculateMinPacks method
2019-08-24 00:30:13,929 - Inside calculateMinPacks method
2019-08-24 00:30:13,929 - Inside calculateMinPacks method
2019-08-24 00:30:13,929 - Inside calculateMinPacks method
2019-08-24 00:30:13,929 - Inside calculateMinPacks method
2019-08-24 00:30:13,929 - Inside calculateMinPacks method
2019-08-24 00:30:13,929 - Inside calculateMinPacks method
2019-08-24 00:30:13,929 - Inside calculateMinPacks method
2019-08-24 00:30:13,929 - Inside calculateMinPacks method
2019-08-24 00:30:13,930 - Inside calculateMinPacks method
2019-08-24 00:30:13,930 - Inside calculateMinPacks method
2019-08-24 00:30:13,930 - Inside calculateMinPacks method
2019-08-24 00:30:13,930 - Inside calculateMinPacks method
2019-08-24 00:30:13,930 - Inside calculateMinPacks method
2019-08-24 00:30:13,930 - Inside calculateMinPacks method
2019-08-24 00:30:13,930 - Inside calculateMinPacks method
2019-08-24 00:30:13,931 - Inside calculateMinPacks method
2019-08-24 00:30:13,931 - Inside calculateMinPacks method
2019-08-24 00:30:13,931 - Inside calculateMinPacks method
2019-08-24 00:30:13,931 - Inside calculateMinPacks method
2019-08-24 00:30:13,931 - Inside calculateMinPacks method
2019-08-24 00:30:13,931 - Inside calculateMinPacks method
2019-08-24 00:30:13,931 - Inside calculateMinPacks method
2019-08-24 00:30:13,931 - Inside calculateMinPacks method
2019-08-24 00:30:13,931 - Inside calculateMinPacks method
2019-08-24 00:30:13,931 - Inside calculateMinPacks method
2019-08-24 00:30:13,931 - Inside calculateMinPacks method
2019-08-24 00:30:13,931 - Inside calculateMinPacks method
2019-08-24 00:30:13,932 - Inside calculateMinPacks method
2019-08-24 00:30:13,932 - Inside calculateMinPacks method
2019-08-24 00:30:13,932 - Inside calculateMinPacks method
2019-08-24 00:30:13,932 - Inside calculateMinPacks method
2019-08-24 00:30:13,932 - Inside calculateMinPacks method
2019-08-24 00:30:13,932 - Inside calculateMinPacks method
2019-08-24 00:30:13,932 - Inside calculateMinPacks method
2019-08-24 00:30:13,933 - Inside calculateMinPacks method
2019-08-24 00:30:13,933 - Inside calculateMinPacks method
2019-08-24 00:30:13,933 - Inside calculateMinPacks method
2019-08-24 00:30:13,933 - Inside calculateMinPacks method
2019-08-24 00:30:13,933 - Inside calculateMinPacks method
2019-08-24 00:30:13,933 - Inside calculateMinPacks method
2019-08-24 00:30:13,933 - Inside calculateMinPacks method
2019-08-24 00:30:13,933 - Inside calculateMinPacks method
2019-08-24 00:30:13,933 - Inside calculateMinPacks method
2019-08-24 00:30:13,934 - Inside calculateMinPacks method
2019-08-24 00:30:13,934 - Inside calculateMinPacks method
2019-08-24 00:30:13,934 - Inside calculateMinPacks method
2019-08-24 00:30:13,934 - Inside calculateMinPacks method
2019-08-24 00:30:13,934 - Inside calculateMinPacks method
2019-08-24 00:30:13,934 - Inside calculateMinPacks method
2019-08-24 00:30:13,934 - Inside calculateMinPacks method
2019-08-24 00:30:13,934 - Inside calculateMinPacks method
2019-08-24 00:30:13,934 - Inside calculateMinPacks method
2019-08-24 00:30:13,934 - Inside calculateMinPacks method
2019-08-24 00:30:13,935 - Inside calculateMinPacks method
2019-08-24 00:30:13,935 - Inside calculateMinPacks method
2019-08-24 00:30:13,935 - Inside calculateMinPacks method
2019-08-24 00:30:13,935 - Inside calculateMinPacks method
2019-08-24 00:30:13,935 - Inside calculateMinPacks method
2019-08-24 00:30:13,935 - Inside calculateMinPacks method
2019-08-24 00:30:13,935 - Inside calculateMinPacks method
2019-08-24 00:30:13,935 - Inside calculateMinPacks method
2019-08-24 00:30:13,935 - Inside calculateMinPacks method
2019-08-24 00:30:13,935 - Inside calculateMinPacks method
2019-08-24 00:30:13,935 - Inside calculateMinPacks method
2019-08-24 00:30:13,935 - Inside calculateMinPacks method
2019-08-24 00:30:13,935 - Inside calculateMinPacks method
2019-08-24 00:30:13,936 - Inside calculateMinPacks method
2019-08-24 00:30:13,936 - Inside calculateMinPacks method
2019-08-24 00:30:13,936 - Inside calculateMinPacks method
2019-08-24 00:30:13,936 - Inside calculateMinPacks method
2019-08-24 00:30:13,936 - Inside calculateMinPacks method
2019-08-24 00:30:13,936 - Inside calculateMinPacks method
2019-08-24 00:30:13,936 - Inside calculateMinPacks method
2019-08-24 00:30:13,936 - Inside calculateMinPacks method
2019-08-24 00:30:13,936 - Inside calculateMinPacks method
2019-08-24 00:30:13,936 - Inside calculateMinPacks method
2019-08-24 00:30:13,936 - Inside calculateMinPacks method
2019-08-24 00:30:13,936 - Inside calculateMinPacks method
2019-08-24 00:30:13,937 - Inside calculateMinPacks method
2019-08-24 00:30:13,937 - Inside calculateMinPacks method
2019-08-24 00:30:13,937 - Inside calculateMinPacks method
2019-08-24 00:30:13,937 - Inside calculateMinPacks method
2019-08-24 00:30:13,937 - Inside calculateMinPacks method
2019-08-24 00:30:13,937 - Inside calculateMinPacks method
2019-08-24 00:30:13,937 - Inside calculateMinPacks method
2019-08-24 00:30:13,937 - Inside calculateMinPacks method
2019-08-24 00:30:13,937 - Inside calculateMinPacks method
2019-08-24 00:30:13,937 - Inside calculateMinPacks method
2019-08-24 00:30:13,937 - Inside calculateMinPacks method
2019-08-24 00:30:13,937 - Inside calculateMinPacks method
2019-08-24 00:30:13,937 - Inside calculateMinPacks method
2019-08-24 00:30:13,938 - Inside calculateMinPacks method
2019-08-24 00:30:13,938 - Inside calculateMinPacks method
2019-08-24 00:30:13,938 - Inside calculateMinPacks method
2019-08-24 00:30:13,938 - Inside calculateMinPacks method
2019-08-24 00:30:13,938 - Inside calculateMinPacks method
2019-08-24 00:30:13,938 - Inside calculateMinPacks method
2019-08-24 00:30:13,938 - Inside calculateMinPacks method
2019-08-24 00:30:13,938 - Inside calculateMinPacks method
2019-08-24 00:30:13,938 - Inside calculateMinPacks method
2019-08-24 00:30:13,938 - Inside calculateMinPacks method
2019-08-24 00:30:13,938 - Inside calculateMinPacks method
2019-08-24 00:30:13,938 - Inside calculateMinPacks method
2019-08-24 00:30:13,939 - Inside calculateMinPacks method
2019-08-24 00:30:13,939 - Inside calculateMinPacks method
2019-08-24 00:30:13,939 - Inside calculateMinPacks method
2019-08-24 00:30:13,939 - Inside calculateMinPacks method
2019-08-24 00:30:13,939 - Inside calculateMinPacks method
2019-08-24 00:30:13,939 - Inside calculateMinPacks method
2019-08-24 00:30:13,939 - Inside calculateMinPacks method
2019-08-24 00:30:13,939 - Inside calculateMinPacks method
2019-08-24 00:30:13,939 - Inside calculateMinPacks method
2019-08-24 00:30:13,939 - Inside calculateMinPacks method
2019-08-24 00:30:13,939 - Inside calculateMinPacks method
2019-08-24 00:30:13,940 - Inside calculateMinPacks method
2019-08-24 00:30:13,940 - Inside calculateMinPacks method
2019-08-24 00:30:13,940 - Inside calculateMinPacks method
2019-08-24 00:30:13,940 - Inside calculateMinPacks method
2019-08-24 00:30:13,940 - Inside calculateMinPacks method
2019-08-24 00:30:13,940 - Inside calculateMinPacks method
2019-08-24 00:30:13,940 - Inside calculateMinPacks method
2019-08-24 00:30:13,940 - Inside calculateMinPacks method
2019-08-24 00:30:13,940 - Inside calculateMinPacks method
2019-08-24 00:30:13,940 - Inside calculateMinPacks method
2019-08-24 00:30:13,940 - Inside calculateMinPacks method
2019-08-24 00:30:13,940 - Inside calculateMinPacks method
2019-08-24 00:30:13,940 - Inside calculateMinPacks method
2019-08-24 00:30:13,941 - Inside calculateMinPacks method
2019-08-24 00:30:13,941 - Inside calculateMinPacks method
2019-08-24 00:30:13,941 - Inside calculateMinPacks method
2019-08-24 00:30:13,941 - Inside calculateMinPacks method
2019-08-24 00:30:13,941 - Inside calculateMinPacks method
2019-08-24 00:30:13,941 - Inside calculateMinPacks method
2019-08-24 00:30:13,941 - Inside calculateMinPacks method
2019-08-24 00:30:13,941 - Inside calculateMinPacks method
2019-08-24 00:30:13,941 - Inside calculateMinPacks method
2019-08-24 00:30:13,941 - Inside calculateMinPacks method
2019-08-24 00:30:13,941 - Inside calculateMinPacks method
2019-08-24 00:30:13,941 - Inside calculateMinPacks method
2019-08-24 00:30:13,942 - Inside calculateMinPacks method
2019-08-24 00:30:13,942 - Inside calculateMinPacks method
2019-08-24 00:30:13,942 - Inside calculateMinPacks method
2019-08-24 00:30:13,942 - Inside calculateMinPacks method
2019-08-24 00:30:13,942 - Inside calculateMinPacks method
2019-08-24 00:30:13,942 - Inside calculateMinPacks method
2019-08-24 00:30:13,942 - Inside calculateMinPacks method
2019-08-24 00:30:13,942 - Inside calculateMinPacks method
2019-08-24 00:30:13,942 - Inside calculateMinPacks method
2019-08-24 00:30:13,942 - Inside calculateMinPacks method
2019-08-24 00:30:13,942 - Inside calculateMinPacks method
2019-08-24 00:30:13,943 - Inside calculateMinPacks method
2019-08-24 00:30:13,943 - Inside calculateMinPacks method
2019-08-24 00:30:13,943 - Inside calculateMinPacks method
2019-08-24 00:30:13,943 - Inside calculateMinPacks method
2019-08-24 00:30:13,943 - Inside calculateMinPacks method
2019-08-24 00:30:13,943 - Inside calculateMinPacks method
2019-08-24 00:30:13,943 - Inside calculateMinPacks method
2019-08-24 00:30:13,943 - Inside calculateMinPacks method
2019-08-24 00:30:13,943 - Inside calculateMinPacks method
2019-08-24 00:30:13,943 - Inside calculateMinPacks method
2019-08-24 00:30:13,943 - Inside calculateMinPacks method
2019-08-24 00:30:13,944 - Inside calculateMinPacks method
2019-08-24 00:30:13,944 - Inside calculateMinPacks method
2019-08-24 00:30:13,944 - Inside calculateMinPacks method
2019-08-24 00:30:13,944 - Inside calculateMinPacks method
2019-08-24 00:30:13,944 - Inside calculateMinPacks method
2019-08-24 00:30:13,944 - Inside calculateMinPacks method
2019-08-24 00:30:13,944 - Inside calculateMinPacks method
2019-08-24 00:30:13,944 - Inside calculateMinPacks method
2019-08-24 00:30:13,944 - Inside calculateMinPacks method
2019-08-24 00:30:13,944 - Inside calculateMinPacks method
2019-08-24 00:30:13,944 - Inside calculateMinPacks method
2019-08-24 00:30:13,944 - Inside calculateMinPacks method
2019-08-24 00:30:13,945 - Inside calculateMinPacks method
2019-08-24 00:30:13,945 - Inside calculateMinPacks method
2019-08-24 00:30:13,945 - Inside calculateMinPacks method
2019-08-24 00:30:13,945 - Inside calculateMinPacks method
2019-08-24 00:30:13,945 - Inside calculateMinPacks method
2019-08-24 00:30:13,945 - Inside calculateMinPacks method
2019-08-24 00:30:13,945 - Inside calculateMinPacks method
2019-08-24 00:30:13,945 - Inside calculateMinPacks method
2019-08-24 00:30:13,945 - Inside calculateMinPacks method
2019-08-24 00:30:13,945 - Inside calculateMinPacks method
2019-08-24 00:30:13,945 - Inside calculateMinPacks method
2019-08-24 00:30:13,945 - Inside calculateMinPacks method
2019-08-24 00:30:13,946 - Inside calculateMinPacks method
2019-08-24 00:30:13,946 - Inside calculateMinPacks method
2019-08-24 00:30:13,946 - Inside calculateMinPacks method
2019-08-24 00:30:13,946 - Inside calculateMinPacks method
2019-08-24 00:30:13,946 - Inside calculateMinPacks method
2019-08-24 00:30:13,946 - Inside calculateMinPacks method
2019-08-24 00:30:13,946 - Inside calculateMinPacks method
2019-08-24 00:30:13,947 - Inside calculateMinPacks method
2019-08-24 00:30:13,947 - Inside calculateMinPacks method
2019-08-24 00:30:13,947 - Inside calculateMinPacks method
2019-08-24 00:30:13,947 - Inside calculateMinPacks method
2019-08-24 00:30:13,947 - Inside calculateMinPacks method
2019-08-24 00:30:13,947 - Inside calculateMinPacks method
2019-08-24 00:30:13,947 - Inside calculateMinPacks method
2019-08-24 00:30:13,947 - Inside calculateMinPacks method
2019-08-24 00:30:13,947 - Inside calculateMinPacks method
2019-08-24 00:30:13,947 - Inside calculateMinPacks method
2019-08-24 00:30:13,947 - Inside calculateMinPacks method
2019-08-24 00:30:13,947 - Inside calculateMinPacks method
2019-08-24 00:30:13,947 - Inside calculateMinPacks method
2019-08-24 00:30:13,948 - Inside calculateMinPacks method
2019-08-24 00:30:13,948 - Inside calculateMinPacks method
2019-08-24 00:30:13,948 - Inside calculateMinPacks method
2019-08-24 00:30:13,948 - Inside calculateMinPacks method
2019-08-24 00:30:13,948 - Inside calculateMinPacks method
2019-08-24 00:30:13,948 - Inside calculateMinPacks method
2019-08-24 00:30:13,948 - Inside calculateMinPacks method
2019-08-24 00:30:13,948 - Inside calculateMinPacks method
2019-08-24 00:30:13,948 - Inside calculateMinPacks method
2019-08-24 00:30:13,948 - Inside calculateMinPacks method
2019-08-24 00:30:13,948 - Inside calculateMinPacks method
2019-08-24 00:30:13,948 - Inside calculateMinPacks method
2019-08-24 00:30:13,949 - Inside calculateMinPacks method
2019-08-24 00:30:13,949 - Inside calculateMinPacks method
2019-08-24 00:30:13,949 - Inside calculateMinPacks method
2019-08-24 00:30:13,949 - Inside calculateMinPacks method
2019-08-24 00:30:13,949 - Inside calculateMinPacks method
2019-08-24 00:30:13,949 - Inside calculateMinPacks method
2019-08-24 00:30:13,949 - Inside calculateMinPacks method
2019-08-24 00:30:13,949 - Inside calculateMinPacks method
2019-08-24 00:30:13,949 - Inside calculateMinPacks method
2019-08-24 00:30:13,949 - Inside calculateMinPacks method
2019-08-24 00:30:13,949 - Inside calculateMinPacks method
2019-08-24 00:30:13,950 - Inside calculateMinPacks method
2019-08-24 00:30:13,950 - Inside calculateMinPacks method
2019-08-24 00:30:13,950 - Inside calculateMinPacks method
2019-08-24 00:30:13,950 - Inside calculateMinPacks method
2019-08-24 00:30:13,950 - Inside calculateMinPacks method
2019-08-24 00:30:13,950 - Inside calculateMinPacks method
2019-08-24 00:30:13,950 - Inside calculateMinPacks method
2019-08-24 00:30:13,950 - Inside calculateMinPacks method
2019-08-24 00:30:13,950 - Inside calculateMinPacks method
2019-08-24 00:30:13,950 - Inside calculateMinPacks method
2019-08-24 00:30:13,950 - Inside calculateMinPacks method
2019-08-24 00:30:13,950 - Inside calculateMinPacks method
2019-08-24 00:30:13,951 - Inside calculateMinPacks method
2019-08-24 00:30:13,951 - Inside calculateMinPacks method
2019-08-24 00:30:13,951 - Inside calculateMinPacks method
2019-08-24 00:30:13,951 - Inside calculateMinPacks method
2019-08-24 00:30:13,951 - Inside calculateMinPacks method
2019-08-24 00:30:13,951 - Inside calculateMinPacks method
2019-08-24 00:30:13,951 - Inside calculateMinPacks method
2019-08-24 00:30:13,951 - Inside calculateMinPacks method
2019-08-24 00:30:13,951 - Inside calculateMinPacks method
2019-08-24 00:30:13,951 - Inside calculateMinPacks method
2019-08-24 00:30:13,951 - Inside calculateMinPacks method
2019-08-24 00:30:13,951 - Inside calculateMinPacks method
2019-08-24 00:30:13,952 - Inside calculateMinPacks method
2019-08-24 00:30:13,952 - Inside calculateMinPacks method
2019-08-24 00:30:13,952 - Inside calculateMinPacks method
2019-08-24 00:30:13,952 - Inside calculateMinPacks method
2019-08-24 00:30:13,952 - Inside calculateMinPacks method
2019-08-24 00:30:13,952 - Inside calculateMinPacks method
2019-08-24 00:30:13,952 - Inside calculateMinPacks method
2019-08-24 00:30:13,952 - Inside calculateMinPacks method
2019-08-24 00:30:13,953 - Inside calculateMinPacks method
2019-08-24 00:30:13,953 - Inside calculateMinPacks method
2019-08-24 00:30:13,953 - Inside calculateMinPacks method
2019-08-24 00:30:13,953 - Inside calculateMinPacks method
2019-08-24 00:30:13,953 - Inside calculateMinPacks method
2019-08-24 00:30:13,953 - Inside calculateMinPacks method
2019-08-24 00:30:13,953 - Inside calculateMinPacks method
2019-08-24 00:30:13,953 - Inside calculateMinPacks method
2019-08-24 00:30:13,954 - Inside calculateMinPacks method
2019-08-24 00:30:13,954 - Inside calculateMinPacks method
2019-08-24 00:30:13,954 - Inside calculateMinPacks method
2019-08-24 00:30:13,954 - Inside calculateMinPacks method
2019-08-24 00:30:13,954 - Inside calculateMinPacks method
2019-08-24 00:30:13,954 - Inside calculateMinPacks method
2019-08-24 00:30:13,954 - Inside calculateMinPacks method
2019-08-24 00:30:13,955 - Inside calculateMinPacks method
2019-08-24 00:30:13,955 - Inside calculateMinPacks method
2019-08-24 00:30:13,955 - Inside calculateMinPacks method
2019-08-24 00:30:13,955 - Inside calculateMinPacks method
2019-08-24 00:30:13,955 - Inside calculateMinPacks method
2019-08-24 00:30:13,955 - Inside calculateMinPacks method
2019-08-24 00:30:13,955 - Inside calculateMinPacks method
2019-08-24 00:30:13,956 - Inside calculateMinPacks method
2019-08-24 00:30:13,956 - Inside calculateMinPacks method
2019-08-24 00:30:13,956 - Inside calculateMinPacks method
2019-08-24 00:30:13,956 - Inside calculateMinPacks method
2019-08-24 00:30:13,956 - Inside calculateMinPacks method
2019-08-24 00:30:13,956 - Inside calculateMinPacks method
2019-08-24 00:30:13,956 - Inside calculateMinPacks method
2019-08-24 00:30:13,957 - Inside calculateMinPacks method
2019-08-24 00:30:13,957 - Inside calculateMinPacks method
2019-08-24 00:30:13,957 - Inside calculateMinPacks method
2019-08-24 00:30:13,957 - Inside calculateMinPacks method
2019-08-24 00:30:13,957 - Inside calculateMinPacks method
2019-08-24 00:30:13,957 - Inside calculateMinPacks method
2019-08-24 00:30:13,958 - Inside calculateMinPacks method
2019-08-24 00:30:13,958 - Inside calculateMinPacks method
2019-08-24 00:30:13,958 - Inside calculateMinPacks method
2019-08-24 00:30:13,958 - Inside calculateMinPacks method
2019-08-24 00:30:13,958 - Inside calculateMinPacks method
2019-08-24 00:30:13,958 - Inside calculateMinPacks method
2019-08-24 00:30:13,959 - Inside calculateMinPacks method
2019-08-24 00:30:13,959 - Inside calculateMinPacks method
2019-08-24 00:30:13,959 - Inside calculateMinPacks method
2019-08-24 00:30:13,959 - Inside calculateMinPacks method
2019-08-24 00:30:13,959 - Inside calculateMinPacks method
2019-08-24 00:30:13,959 - Inside calculateMinPacks method
2019-08-24 00:30:13,960 - Inside calculateMinPacks method
2019-08-24 00:30:13,960 - Inside calculateMinPacks method
2019-08-24 00:30:13,960 - Inside calculateMinPacks method
2019-08-24 00:30:13,960 - Inside calculateMinPacks method
2019-08-24 00:30:13,960 - Inside calculateMinPacks method
2019-08-24 00:30:13,960 - Inside calculateMinPacks method
2019-08-24 00:30:13,961 - Inside calculateMinPacks method
2019-08-24 00:30:13,961 - Inside calculateMinPacks method
2019-08-24 00:30:13,961 - Inside calculateMinPacks method
2019-08-24 00:30:13,961 - Inside calculateMinPacks method
2019-08-24 00:30:13,961 - Inside calculateMinPacks method
2019-08-24 00:30:13,961 - Inside calculateMinPacks method
2019-08-24 00:30:13,962 - Inside calculateMinPacks method
2019-08-24 00:30:13,962 - Inside calculateMinPacks method
2019-08-24 00:30:13,962 - Inside calculateMinPacks method
2019-08-24 00:30:13,962 - Inside calculateMinPacks method
2019-08-24 00:30:13,962 - Inside calculateMinPacks method
2019-08-24 00:30:13,962 - Inside calculateMinPacks method
2019-08-24 00:30:13,962 - Inside calculateMinPacks method
2019-08-24 00:30:13,963 - Inside calculateMinPacks method
2019-08-24 00:30:13,963 - Inside calculateMinPacks method
2019-08-24 00:30:13,963 - Inside calculateMinPacks method
2019-08-24 00:30:13,963 - Inside calculateMinPacks method
2019-08-24 00:30:13,963 - Inside calculateMinPacks method
2019-08-24 00:30:13,963 - Inside calculateMinPacks method
2019-08-24 00:30:13,963 - Inside calculateMinPacks method
2019-08-24 00:30:13,964 - Inside calculateMinPacks method
2019-08-24 00:30:13,964 - Inside calculateMinPacks method
2019-08-24 00:30:13,964 - Inside calculateMinPacks method
2019-08-24 00:30:13,964 - Inside calculateMinPacks method
2019-08-24 00:30:13,964 - Inside calculateMinPacks method
2019-08-24 00:30:13,964 - Inside calculateMinPacks method
2019-08-24 00:30:13,964 - Inside calculateMinPacks method
2019-08-24 00:30:13,965 - Inside calculateMinPacks method
2019-08-24 00:30:13,965 - Inside calculateMinPacks method
2019-08-24 00:30:13,965 - Inside calculateMinPacks method
2019-08-24 00:30:13,965 - Inside calculateMinPacks method
2019-08-24 00:30:13,965 - Inside calculateMinPacks method
2019-08-24 00:30:13,965 - Inside calculateMinPacks method
2019-08-24 00:30:13,965 - Inside calculateMinPacks method
2019-08-24 00:30:13,965 - Inside calculateMinPacks method
2019-08-24 00:30:13,966 - Inside calculateMinPacks method
2019-08-24 00:30:13,966 - Inside calculateMinPacks method
2019-08-24 00:30:13,966 - Inside calculateMinPacks method
2019-08-24 00:30:13,966 - Inside calculateMinPacks method
2019-08-24 00:30:13,966 - Inside calculateMinPacks method
2019-08-24 00:30:13,966 - Inside calculateMinPacks method
2019-08-24 00:30:13,966 - Inside calculateMinPacks method
2019-08-24 00:30:13,967 - Inside calculateMinPacks method
2019-08-24 00:30:13,967 - Inside calculateMinPacks method
2019-08-24 00:30:13,967 - Inside calculateMinPacks method
2019-08-24 00:30:13,967 - Inside calculateMinPacks method
2019-08-24 00:30:13,967 - Inside calculateMinPacks method
2019-08-24 00:30:13,967 - Inside calculateMinPacks method
2019-08-24 00:30:13,967 - Inside calculateMinPacks method
2019-08-24 00:30:13,967 - Inside calculateMinPacks method
2019-08-24 00:30:13,967 - Inside calculateMinPacks method
2019-08-24 00:30:13,967 - Inside calculateMinPacks method
2019-08-24 00:30:13,968 - Inside calculateMinPacks method
2019-08-24 00:30:13,968 - Inside calculateMinPacks method
2019-08-24 00:30:13,968 - Inside calculateMinPacks method
2019-08-24 00:30:13,968 - Inside calculateMinPacks method
2019-08-24 00:30:13,968 - Inside calculateMinPacks method
2019-08-24 00:30:13,968 - Inside calculateMinPacks method
2019-08-24 00:30:13,968 - Inside calculateMinPacks method
2019-08-24 00:30:13,968 - Inside calculateMinPacks method
2019-08-24 00:30:13,968 - Inside calculateMinPacks method
2019-08-24 00:30:13,968 - Inside calculateMinPacks method
2019-08-24 00:30:13,968 - Inside calculateMinPacks method
2019-08-24 00:30:13,969 - Inside calculateMinPacks method
2019-08-24 00:30:13,969 - Inside calculateMinPacks method
2019-08-24 00:30:13,969 - Inside calculateMinPacks method
2019-08-24 00:30:13,969 - Inside calculateMinPacks method
2019-08-24 00:30:13,969 - Inside calculateMinPacks method
2019-08-24 00:30:13,969 - Inside calculateMinPacks method
2019-08-24 00:30:13,969 - Inside calculateMinPacks method
2019-08-24 00:30:13,969 - Inside calculateMinPacks method
2019-08-24 00:30:13,969 - Inside calculateMinPacks method
2019-08-24 00:30:13,970 - Inside calculateMinPacks method
2019-08-24 00:30:13,970 - Inside calculateMinPacks method
2019-08-24 00:30:13,970 - Inside calculateMinPacks method
2019-08-24 00:30:13,970 - Inside calculateMinPacks method
2019-08-24 00:30:13,970 - Inside calculateMinPacks method
2019-08-24 00:30:13,970 - Inside calculateMinPacks method
2019-08-24 00:30:13,970 - Inside calculateMinPacks method
2019-08-24 00:30:13,970 - Inside calculateMinPacks method
2019-08-24 00:30:13,970 - Inside calculateMinPacks method
2019-08-24 00:30:13,971 - Inside calculateMinPacks method
2019-08-24 00:30:13,971 - Inside calculateMinPacks method
2019-08-24 00:30:13,971 - Inside calculateMinPacks method
2019-08-24 00:30:13,971 - Inside calculateMinPacks method
2019-08-24 00:30:13,971 - Inside calculateMinPacks method
2019-08-24 00:30:13,971 - Inside calculateMinPacks method
2019-08-24 00:30:13,971 - Inside calculateMinPacks method
2019-08-24 00:30:13,971 - Inside calculateMinPacks method
2019-08-24 00:30:13,972 - Inside calculateMinPacks method
2019-08-24 00:30:13,972 - Inside calculateMinPacks method
2019-08-24 00:30:13,972 - Inside calculateMinPacks method
2019-08-24 00:30:13,972 - Inside calculateMinPacks method
2019-08-24 00:30:13,972 - Inside calculateMinPacks method
2019-08-24 00:30:13,972 - Inside calculateMinPacks method
2019-08-24 00:30:13,972 - Inside calculateMinPacks method
2019-08-24 00:30:13,972 - Inside calculateMinPacks method
2019-08-24 00:30:13,972 - Inside calculateMinPacks method
2019-08-24 00:30:13,972 - Inside calculateMinPacks method
2019-08-24 00:30:13,973 - Inside calculateMinPacks method
2019-08-24 00:30:13,973 - Inside calculateMinPacks method
2019-08-24 00:30:13,973 - Inside calculateMinPacks method
2019-08-24 00:30:13,973 - Inside calculateMinPacks method
2019-08-24 00:30:13,973 - Inside calculateMinPacks method
2019-08-24 00:30:13,973 - Inside calculateMinPacks method
2019-08-24 00:30:13,973 - Inside calculateMinPacks method
2019-08-24 00:30:13,973 - Inside calculateMinPacks method
2019-08-24 00:30:13,974 - Inside calculateMinPacks method
2019-08-24 00:30:13,974 - Inside calculateMinPacks method
2019-08-24 00:30:13,974 - Inside calculateMinPacks method
2019-08-24 00:30:13,974 - Inside calculateMinPacks method
2019-08-24 00:30:13,974 - Inside calculateMinPacks method
2019-08-24 00:30:13,974 - Inside calculateMinPacks method
2019-08-24 00:30:13,974 - Inside calculateMinPacks method
2019-08-24 00:30:13,974 - Inside calculateMinPacks method
2019-08-24 00:30:13,974 - Inside calculateMinPacks method
2019-08-24 00:30:13,975 - Inside calculateMinPacks method
2019-08-24 00:30:13,975 - Inside calculateMinPacks method
2019-08-24 00:30:13,975 - Inside calculateMinPacks method
2019-08-24 00:30:13,975 - Inside calculateMinPacks method
2019-08-24 00:30:13,975 - Inside calculateMinPacks method
2019-08-24 00:30:13,975 - Inside calculateMinPacks method
2019-08-24 00:30:13,975 - Inside calculateMinPacks method
2019-08-24 00:30:13,975 - Inside calculateMinPacks method
2019-08-24 00:30:13,975 - Inside calculateMinPacks method
2019-08-24 00:30:13,975 - Inside calculateMinPacks method
2019-08-24 00:30:13,975 - Inside calculateMinPacks method
2019-08-24 00:30:13,976 - Inside calculateMinPacks method
2019-08-24 00:30:13,976 - Inside calculateMinPacks method
2019-08-24 00:30:13,976 - Inside calculateMinPacks method
2019-08-24 00:30:13,976 - Inside calculateMinPacks method
2019-08-24 00:30:13,976 - Inside calculateMinPacks method
2019-08-24 00:30:13,976 - Inside calculateMinPacks method
2019-08-24 00:30:13,976 - Inside calculateMinPacks method
2019-08-24 00:30:13,976 - Inside calculateMinPacks method
2019-08-24 00:30:13,976 - Inside calculateMinPacks method
2019-08-24 00:30:13,976 - Inside calculateMinPacks method
2019-08-24 00:30:13,976 - Inside calculateMinPacks method
2019-08-24 00:30:13,976 - Inside calculateMinPacks method
2019-08-24 00:30:13,977 - Inside calculateMinPacks method
2019-08-24 00:30:13,977 - Inside calculateMinPacks method
2019-08-24 00:30:13,977 - Inside calculateMinPacks method
2019-08-24 00:30:13,977 - Inside calculateMinPacks method
2019-08-24 00:30:13,977 - Inside calculateMinPacks method
2019-08-24 00:30:13,977 - Inside calculateMinPacks method
2019-08-24 00:30:13,977 - Inside calculateMinPacks method
2019-08-24 00:30:13,977 - Inside calculateMinPacks method
2019-08-24 00:30:13,977 - Inside calculateMinPacks method
2019-08-24 00:30:13,977 - Inside calculateMinPacks method
2019-08-24 00:30:13,977 - Inside calculateMinPacks method
2019-08-24 00:30:13,977 - Inside calculateMinPacks method
2019-08-24 00:30:13,978 - Inside calculateMinPacks method
2019-08-24 00:30:13,978 - Inside calculateMinPacks method
2019-08-24 00:30:13,978 - Inside calculateMinPacks method
2019-08-24 00:30:13,978 - Inside calculateMinPacks method
2019-08-24 00:30:13,978 - Inside calculateMinPacks method
2019-08-24 00:30:13,978 - Inside calculateMinPacks method
2019-08-24 00:30:13,978 - Inside calculateMinPacks method
2019-08-24 00:30:13,978 - Inside calculateMinPacks method
2019-08-24 00:30:13,978 - Inside calculateMinPacks method
2019-08-24 00:30:13,978 - Inside calculateMinPacks method
2019-08-24 00:30:13,978 - Inside calculateMinPacks method
2019-08-24 00:30:13,978 - Inside calculateMinPacks method
2019-08-24 00:30:13,979 - Inside calculateMinPacks method
2019-08-24 00:30:13,979 - Inside calculateMinPacks method
2019-08-24 00:30:13,979 - Inside calculateMinPacks method
2019-08-24 00:30:13,979 - Inside calculateMinPacks method
2019-08-24 00:30:13,979 - Inside calculateMinPacks method
2019-08-24 00:30:13,979 - Inside calculateMinPacks method
2019-08-24 00:30:13,979 - Inside calculateMinPacks method
2019-08-24 00:30:13,979 - Inside calculateMinPacks method
2019-08-24 00:30:13,979 - Inside calculateMinPacks method
2019-08-24 00:30:13,979 - Inside calculateMinPacks method
2019-08-24 00:30:13,979 - Inside calculateMinPacks method
2019-08-24 00:30:13,980 - Inside calculateMinPacks method
2019-08-24 00:30:13,980 - Inside calculateMinPacks method
2019-08-24 00:30:13,980 - Inside calculateMinPacks method
2019-08-24 00:30:13,980 - Inside calculateMinPacks method
2019-08-24 00:30:13,980 - Inside calculateMinPacks method
2019-08-24 00:30:13,980 - Inside calculateMinPacks method
2019-08-24 00:30:13,980 - Inside calculateMinPacks method
2019-08-24 00:30:13,980 - Inside calculateMinPacks method
2019-08-24 00:30:13,980 - Inside calculateMinPacks method
2019-08-24 00:30:13,980 - Inside calculateMinPacks method
2019-08-24 00:30:13,980 - Inside calculateMinPacks method
2019-08-24 00:30:13,980 - Inside calculateMinPacks method
2019-08-24 00:30:13,980 - Inside calculateMinPacks method
2019-08-24 00:30:13,981 - Inside calculateMinPacks method
2019-08-24 00:30:13,981 - Inside calculateMinPacks method
2019-08-24 00:30:13,981 - Inside calculateMinPacks method
2019-08-24 00:30:13,981 - Inside calculateMinPacks method
2019-08-24 00:30:13,981 - Inside calculateMinPacks method
2019-08-24 00:30:13,981 - Inside calculateMinPacks method
2019-08-24 00:30:13,981 - Inside calculateMinPacks method
2019-08-24 00:30:13,981 - Inside calculateMinPacks method
2019-08-24 00:30:13,981 - Inside calculateMinPacks method
2019-08-24 00:30:13,981 - Inside calculateMinPacks method
2019-08-24 00:30:13,981 - Inside calculateMinPacks method
2019-08-24 00:30:13,981 - Inside calculateMinPacks method
2019-08-24 00:30:13,982 - Inside calculateMinPacks method
2019-08-24 00:30:13,982 - Inside calculateMinPacks method
2019-08-24 00:30:13,982 - Inside calculateMinPacks method
2019-08-24 00:30:13,982 - Inside calculateMinPacks method
2019-08-24 00:30:13,982 - Inside calculateMinPacks method
2019-08-24 00:30:13,982 - Inside calculateMinPacks method
2019-08-24 00:30:13,982 - Inside calculateMinPacks method
2019-08-24 00:30:13,982 - Inside calculateMinPacks method
2019-08-24 00:30:13,983 - Inside calculateMinPacks method
2019-08-24 00:30:13,983 - Inside calculateMinPacks method
2019-08-24 00:30:13,983 - Inside calculateMinPacks method
2019-08-24 00:30:13,983 - Inside calculateMinPacks method
2019-08-24 00:30:13,983 - Inside calculateMinPacks method
2019-08-24 00:30:13,983 - Inside calculateMinPacks method
2019-08-24 00:30:13,983 - Inside calculateMinPacks method
2019-08-24 00:30:13,983 - Inside calculateMinPacks method
2019-08-24 00:30:13,983 - Inside calculateMinPacks method
2019-08-24 00:30:13,983 - Inside calculateMinPacks method
2019-08-24 00:30:13,983 - Inside calculateMinPacks method
2019-08-24 00:30:13,983 - Inside calculateMinPacks method
2019-08-24 00:30:13,984 - Inside calculateMinPacks method
2019-08-24 00:30:13,984 - Inside calculateMinPacks method
2019-08-24 00:30:13,984 - Inside calculateMinPacks method
2019-08-24 00:30:13,984 - Inside calculateMinPacks method
2019-08-24 00:30:13,984 - Inside calculateMinPacks method
2019-08-24 00:30:13,984 - Inside calculateMinPacks method
2019-08-24 00:30:13,984 - Inside calculateMinPacks method
2019-08-24 00:30:13,984 - Inside calculateMinPacks method
2019-08-24 00:30:13,984 - Inside calculateMinPacks method
2019-08-24 00:30:13,984 - Inside calculateMinPacks method
2019-08-24 00:30:13,984 - Inside calculateMinPacks method
2019-08-24 00:30:13,984 - Inside calculateMinPacks method
2019-08-24 00:30:13,985 - Inside calculateMinPacks method
2019-08-24 00:30:13,985 - Inside calculateMinPacks method
2019-08-24 00:30:13,985 - Inside calculateMinPacks method
2019-08-24 00:30:13,985 - Inside calculateMinPacks method
2019-08-24 00:30:13,985 - Inside calculateMinPacks method
2019-08-24 00:30:13,985 - Inside calculateMinPacks method
2019-08-24 00:30:13,985 - Inside calculateMinPacks method
2019-08-24 00:30:13,985 - Inside calculateMinPacks method
2019-08-24 00:30:13,985 - Inside calculateMinPacks method
2019-08-24 00:30:13,985 - Inside calculateMinPacks method
2019-08-24 00:30:13,985 - Inside calculateMinPacks method
2019-08-24 00:30:13,985 - Inside calculateMinPacks method
2019-08-24 00:30:13,986 - Inside calculateMinPacks method
2019-08-24 00:30:13,986 - Inside calculateMinPacks method
2019-08-24 00:30:13,986 - Inside calculateMinPacks method
2019-08-24 00:30:13,986 - Inside calculateMinPacks method
2019-08-24 00:30:13,986 - Inside calculateMinPacks method
2019-08-24 00:30:13,986 - Inside calculateMinPacks method
2019-08-24 00:30:13,986 - Inside calculateMinPacks method
2019-08-24 00:30:13,986 - Inside calculateMinPacks method
2019-08-24 00:30:13,986 - Inside calculateMinPacks method
2019-08-24 00:30:13,986 - Inside calculateMinPacks method
2019-08-24 00:30:13,986 - Inside calculateMinPacks method
2019-08-24 00:30:13,986 - Inside calculateMinPacks method
2019-08-24 00:30:13,987 - Inside calculateMinPacks method
2019-08-24 00:30:13,987 - Inside calculateMinPacks method
2019-08-24 00:30:13,987 - Inside calculateMinPacks method
2019-08-24 00:30:13,987 - Inside calculateMinPacks method
2019-08-24 00:30:13,987 - Inside calculateMinPacks method
2019-08-24 00:30:13,987 - Inside calculateMinPacks method
2019-08-24 00:30:13,987 - Inside calculateMinPacks method
2019-08-24 00:30:13,987 - Inside calculateMinPacks method
2019-08-24 00:30:13,987 - Inside calculateMinPacks method
2019-08-24 00:30:13,987 - Inside calculateMinPacks method
2019-08-24 00:30:13,987 - Inside calculateMinPacks method
2019-08-24 00:30:13,987 - Inside calculateMinPacks method
2019-08-24 00:30:13,987 - Inside calculateMinPacks method
2019-08-24 00:30:13,988 - Inside calculateMinPacks method
2019-08-24 00:30:13,988 - Inside calculateMinPacks method
2019-08-24 00:30:13,988 - Inside calculateMinPacks method
2019-08-24 00:30:13,988 - Inside calculateMinPacks method
2019-08-24 00:30:13,988 - Inside calculateMinPacks method
2019-08-24 00:30:13,988 - Inside calculateMinPacks method
2019-08-24 00:30:13,988 - Inside calculateMinPacks method
2019-08-24 00:30:13,988 - Inside calculateMinPacks method
2019-08-24 00:30:13,988 - Inside calculateMinPacks method
2019-08-24 00:30:13,988 - Inside calculateMinPacks method
2019-08-24 00:30:13,988 - Inside calculateMinPacks method
2019-08-24 00:30:13,988 - Inside calculateMinPacks method
2019-08-24 00:30:13,988 - Inside calculateMinPacks method
2019-08-24 00:30:13,989 - Inside calculateMinPacks method
2019-08-24 00:30:13,989 - Inside calculateMinPacks method
2019-08-24 00:30:13,989 - Inside calculateMinPacks method
2019-08-24 00:30:13,989 - Inside calculateMinPacks method
2019-08-24 00:30:13,989 - Inside calculateMinPacks method
2019-08-24 00:30:13,989 - Inside calculateMinPacks method
2019-08-24 00:30:13,989 - Inside calculateMinPacks method
2019-08-24 00:30:13,989 - Inside calculateMinPacks method
2019-08-24 00:30:13,989 - Inside calculateMinPacks method
2019-08-24 00:30:13,989 - Inside calculateMinPacks method
2019-08-24 00:30:13,989 - Inside calculateMinPacks method
2019-08-24 00:30:13,990 - Inside calculateMinPacks method
2019-08-24 00:30:13,990 - Inside calculateMinPacks method
2019-08-24 00:30:13,990 - Inside calculateMinPacks method
2019-08-24 00:30:13,990 - Inside calculateMinPacks method
2019-08-24 00:30:13,990 - Inside calculateMinPacks method
2019-08-24 00:30:13,990 - Inside calculateMinPacks method
2019-08-24 00:30:13,990 - Inside calculateMinPacks method
2019-08-24 00:30:13,990 - Inside calculateMinPacks method
2019-08-24 00:30:13,990 - Inside calculateMinPacks method
2019-08-24 00:30:13,990 - Inside calculateMinPacks method
2019-08-24 00:30:13,990 - Inside calculateMinPacks method
2019-08-24 00:30:13,990 - Inside calculateMinPacks method
2019-08-24 00:30:13,990 - Inside calculateMinPacks method
2019-08-24 00:30:13,991 - Inside calculateMinPacks method
2019-08-24 00:30:13,991 - Inside calculateMinPacks method
2019-08-24 00:30:13,991 - Inside calculateMinPacks method
2019-08-24 00:30:13,991 - Inside calculateMinPacks method
2019-08-24 00:30:13,991 - Inside calculateMinPacks method
2019-08-24 00:30:13,991 - Inside calculateMinPacks method
2019-08-24 00:30:13,991 - Inside calculateMinPacks method
2019-08-24 00:30:13,991 - Inside calculateMinPacks method
2019-08-24 00:30:13,992 - Inside calculateMinPacks method
2019-08-24 00:30:13,992 - Inside calculateMinPacks method
2019-08-24 00:30:13,992 - Inside calculateMinPacks method
2019-08-24 00:30:13,992 - Inside calculateMinPacks method
2019-08-24 00:30:13,992 - Inside calculateMinPacks method
2019-08-24 00:30:13,992 - Inside calculateMinPacks method
2019-08-24 00:30:13,992 - Inside calculateMinPacks method
2019-08-24 00:30:13,992 - Inside calculateMinPacks method
2019-08-24 00:30:13,992 - Inside calculateMinPacks method
2019-08-24 00:30:13,992 - Inside calculateMinPacks method
2019-08-24 00:30:13,993 - Inside calculateMinPacks method
2019-08-24 00:30:13,993 - Inside calculateMinPacks method
2019-08-24 00:30:13,993 - Inside calculateMinPacks method
2019-08-24 00:30:13,993 - Inside calculateMinPacks method
2019-08-24 00:30:13,993 - Inside calculateMinPacks method
2019-08-24 00:30:13,993 - Inside calculateMinPacks method
2019-08-24 00:30:13,993 - Inside calculateMinPacks method
2019-08-24 00:30:13,993 - Inside calculateMinPacks method
2019-08-24 00:30:13,993 - Inside calculateMinPacks method
2019-08-24 00:30:13,993 - Inside calculateMinPacks method
2019-08-24 00:30:13,993 - Inside calculateMinPacks method
2019-08-24 00:30:13,993 - Inside calculateMinPacks method
2019-08-24 00:30:13,994 - Inside calculateMinPacks method
2019-08-24 00:30:13,994 - Inside calculateMinPacks method
2019-08-24 00:30:13,994 - Inside calculateMinPacks method
2019-08-24 00:30:13,994 - Inside calculateMinPacks method
2019-08-24 00:30:13,994 - Inside calculateMinPacks method
2019-08-24 00:30:13,994 - Inside calculateMinPacks method
2019-08-24 00:30:13,994 - Inside calculateMinPacks method
2019-08-24 00:30:13,994 - Inside calculateMinPacks method
2019-08-24 00:30:13,994 - Inside calculateMinPacks method
2019-08-24 00:30:13,994 - Inside calculateMinPacks method
2019-08-24 00:30:13,994 - Inside calculateMinPacks method
2019-08-24 00:30:13,995 - Inside calculateMinPacks method
2019-08-24 00:30:13,995 - Inside calculateMinPacks method
2019-08-24 00:30:13,995 - Inside calculateMinPacks method
2019-08-24 00:30:13,995 - Inside calculateMinPacks method
2019-08-24 00:30:13,995 - Inside calculateMinPacks method
2019-08-24 00:30:13,995 - Inside calculateMinPacks method
2019-08-24 00:30:13,995 - Inside calculateMinPacks method
2019-08-24 00:30:14,022 - Inside calculateMinPacks method
2019-08-24 00:30:14,022 - Inside calculateMinPacks method
2019-08-24 00:30:14,022 - Inside calculateMinPacks method
2019-08-24 00:30:14,022 - Inside calculateMinPacks method
2019-08-24 00:30:14,022 - Inside calculateMinPacks method
2019-08-24 00:30:14,022 - Inside calculateMinPacks method
2019-08-24 00:30:14,023 - Inside calculateMinPacks method
2019-08-24 00:30:14,023 - Inside calculateMinPacks method
2019-08-24 00:30:14,023 - Inside calculateMinPacks method
2019-08-24 00:30:14,023 - Inside calculateMinPacks method
2019-08-24 00:30:14,023 - Inside calculateMinPacks method
2019-08-24 00:30:14,023 - Inside calculateMinPacks method
2019-08-24 00:30:14,023 - Inside calculateMinPacks method
2019-08-24 00:30:14,023 - Inside calculateMinPacks method
2019-08-24 00:30:14,023 - Inside calculateMinPacks method
2019-08-24 00:30:14,023 - Inside calculateMinPacks method
2019-08-24 00:30:14,023 - Inside calculateMinPacks method
2019-08-24 00:30:14,023 - Inside calculateMinPacks method
2019-08-24 00:30:14,023 - Inside calculateMinPacks method
2019-08-24 00:30:14,024 - Inside calculateMinPacks method
2019-08-24 00:30:14,024 - Inside calculateMinPacks method
2019-08-24 00:30:14,024 - Inside calculateMinPacks method
2019-08-24 00:30:14,024 - Inside calculateMinPacks method
2019-08-24 00:30:14,024 - Inside calculateMinPacks method
2019-08-24 00:30:14,024 - Inside calculateMinPacks method
2019-08-24 00:30:14,024 - Inside calculateMinPacks method
2019-08-24 00:30:14,024 - Inside calculateMinPacks method
2019-08-24 00:30:14,024 - Inside calculateMinPacks method
2019-08-24 00:30:14,024 - Inside calculateMinPacks method
2019-08-24 00:30:14,024 - Inside calculateMinPacks method
2019-08-24 00:30:14,025 - Inside calculateMinPacks method
2019-08-24 00:30:14,025 - Inside calculateMinPacks method
2019-08-24 00:30:14,025 - Inside calculateMinPacks method
2019-08-24 00:30:14,025 - Inside calculateMinPacks method
2019-08-24 00:30:14,025 - Inside calculateMinPacks method
2019-08-24 00:30:14,025 - Inside calculateMinPacks method
2019-08-24 00:30:14,025 - Inside calculateMinPacks method
2019-08-24 00:30:14,025 - Inside calculateMinPacks method
2019-08-24 00:30:14,025 - Inside calculateMinPacks method
2019-08-24 00:30:14,025 - Inside calculateMinPacks method
2019-08-24 00:30:14,025 - Inside calculateMinPacks method
2019-08-24 00:30:14,026 - Inside calculateMinPacks method
2019-08-24 00:30:14,026 - Inside calculateMinPacks method
2019-08-24 00:30:14,026 - Inside calculateMinPacks method
2019-08-24 00:30:14,026 - Inside calculateMinPacks method
2019-08-24 00:30:14,026 - Inside calculateMinPacks method
2019-08-24 00:30:14,026 - Inside calculateMinPacks method
2019-08-24 00:30:14,027 - Inside calculateMinPacks method
2019-08-24 00:30:14,027 - Inside calculateMinPacks method
2019-08-24 00:31:31,331 - Inside readOrder method
2019-08-24 00:31:36,094 - Inside processOrder method
2019-08-24 00:31:36,100 - Inside getPackArray method
2019-08-24 00:31:36,105 - Inside calculateMinPacks method
2019-08-24 00:32:13,485 - Inside calculateMinPacks method
2019-08-24 00:35:26,318 - Inside readOrder method
2019-08-24 00:35:31,602 - Inside processOrder method
2019-08-24 00:35:31,605 - Inside getPackArray method
2019-08-24 00:35:31,609 - Inside calculateMinPacks method
2019-08-24 00:37:34,165 - Inside readOrder method
2019-08-24 00:37:39,182 - Inside processOrder method
2019-08-24 00:37:39,188 - Inside getPackArray method
2019-08-24 00:37:39,194 - Inside calculateMinPacks method
2019-08-24 00:38:11,101 - Inside calculateMinPacks method
2019-08-24 00:39:23,759 - Inside readOrder method
2019-08-24 00:39:27,907 - Inside processOrder method
2019-08-24 00:39:27,922 - Inside getPackArray method
2019-08-24 00:39:27,923 - Inside calculateMinPacks method
2019-08-24 00:39:27,923 - Inside calculateMinPacks method
2019-08-24 00:40:02,974 - Inside readOrder method
2019-08-24 00:40:07,338 - Inside processOrder method
2019-08-24 00:40:07,341 - Inside getPackArray method
2019-08-24 00:40:07,341 - Inside calculateMinPacks method
2019-08-24 00:40:13,488 - Inside readOrder method
2019-08-24 00:40:19,189 - Inside processOrder method
2019-08-24 00:40:19,191 - Inside getPackArray method
2019-08-24 00:40:19,191 - Inside calculateMinPacks method
2019-08-24 00:47:16,651 - Inside readOrder method
2019-08-24 00:47:20,671 - Inside processOrder method
2019-08-24 00:47:20,675 - Inside getPackArray method
2019-08-24 00:47:20,676 - Inside calculateMinPacks method
2019-08-24 00:47:20,676 - Inside calculateMinPacks method
2019-08-24 00:59:25,911 - Inside readOrder method
2019-08-24 00:59:30,339 - Inside processOrder method
2019-08-24 00:59:30,342 - Inside getPackArray method
2019-08-24 00:59:30,343 - Inside calculateMinPacks method
2019-08-24 00:59:30,343 - Inside calculateMinPacks method
2019-08-24 01:00:29,528 - Inside readOrder method
2019-08-24 01:00:33,529 - Inside processOrder method
2019-08-24 01:00:33,533 - Inside getPackArray method
2019-08-24 01:00:33,533 - Inside calculateMinPacks method
2019-08-24 01:00:33,534 - Inside calculateMinPacks method
2019-08-24 01:05:12,295 - Inside readOrder method
2019-08-24 01:05:16,544 - Inside processOrder method
2019-08-24 01:05:16,549 - Inside getPackArray method
2019-08-24 01:05:16,550 - Inside calculateMinPacks method
2019-08-24 01:05:16,551 - Inside calculateMinPacks method
2019-08-24 01:08:34,160 - Inside readOrder method
2019-08-24 01:08:37,590 - Inside processOrder method
2019-08-24 01:08:37,593 - Inside getPackArray method
2019-08-24 01:08:37,594 - Inside calculateMinPacks method
2019-08-24 01:08:37,595 - Inside calculateMinPacks method
2019-08-24 01:11:02,966 - Inside readOrder method
2019-08-24 01:11:07,136 - Inside processOrder method
2019-08-24 01:11:07,140 - Inside getPackArray method
2019-08-24 01:11:07,141 - Inside calculateMinPacks method
2019-08-24 01:11:07,141 - Inside calculateMinPacks method
2019-08-24 01:11:56,867 - Inside readOrder method
2019-08-24 01:12:00,918 - Inside processOrder method
2019-08-24 01:12:00,921 - Inside getPackArray method
2019-08-24 01:12:00,922 - Inside calculateMinPacks method
2019-08-24 01:12:00,922 - Inside calculateMinPacks method
2019-08-24 01:13:01,497 - Inside readOrder method
2019-08-24 01:13:05,117 - Inside processOrder method
2019-08-24 01:13:05,121 - Inside getPackArray method
2019-08-24 01:13:05,122 - Inside calculateMinPacks method
2019-08-24 01:13:05,122 - Inside calculateMinPacks method
2019-08-24 01:15:19,027 - Inside readOrder method
2019-08-24 01:15:22,512 - Inside processOrder method
2019-08-24 01:15:22,520 - Inside getPackArray method
2019-08-24 01:15:22,520 - Inside calculateMinPacks method
2019-08-24 01:15:22,520 - Inside calculateMinPacks method
2019-08-24 01:17:06,980 - Inside readOrder method
2019-08-24 01:17:10,237 - Inside processOrder method
2019-08-24 01:17:10,240 - Inside getPackArray method
2019-08-24 01:17:10,241 - Inside calculateMinPacks method
2019-08-24 01:17:10,241 - Inside calculateMinPacks method
2019-08-24 01:18:18,564 - Inside readOrder method
2019-08-24 01:18:22,227 - Inside processOrder method
2019-08-24 01:18:22,230 - Inside getPackArray method
2019-08-24 01:18:22,231 - Inside calculateMinPacks method
2019-08-24 01:18:22,231 - Inside calculateMinPacks method
2019-08-24 01:20:42,250 - Inside readOrder method
2019-08-24 01:20:46,494 - Inside processOrder method
2019-08-24 01:20:46,497 - Inside getPackArray method
2019-08-24 01:20:46,498 - Inside calculateMinPacks method
2019-08-24 01:20:46,498 - Inside calculateMinPacks method
2019-08-24 01:24:06,978 - Inside readOrder method
2019-08-24 01:24:11,043 - Inside processOrder method
2019-08-24 01:24:11,047 - Inside getPackArray method
2019-08-24 01:24:11,047 - Inside calculateMinPacks method
2019-08-24 01:24:11,048 - Inside calculateMinPacks method
2019-08-24 01:24:52,156 - Inside readOrder method
2019-08-24 01:24:55,863 - Inside processOrder method
2019-08-24 01:24:55,866 - Inside getPackArray method
2019-08-24 01:24:55,867 - Inside calculateMinPacks method
2019-08-24 01:24:55,867 - Inside calculateMinPacks method
2019-08-24 01:25:20,722 - Inside readOrder method
2019-08-24 01:25:25,098 - Inside processOrder method
2019-08-24 01:25:25,106 - Inside getPackArray method
2019-08-24 01:25:25,107 - Inside calculateMinPacks method
2019-08-24 01:25:25,107 - Inside calculateMinPacks method
2019-08-24 01:26:20,786 - Inside readOrder method
2019-08-24 01:26:24,601 - Inside processOrder method
2019-08-24 01:26:24,604 - Inside getPackArray method
2019-08-24 01:26:24,605 - Inside calculateMinPacks method
2019-08-24 01:26:24,606 - Inside calculateMinPacks method
2019-08-24 01:29:25,228 - Inside readOrder method
2019-08-24 01:29:30,950 - Inside processOrder method
2019-08-24 01:29:30,954 - Inside getPackArray method
2019-08-24 01:29:30,954 - Inside calculateMinPacks method
2019-08-24 01:29:30,955 - Inside calculateMinPacks method
2019-08-24 01:29:50,941 - Inside readOrder method
2019-08-24 01:29:54,608 - Inside processOrder method
2019-08-24 01:29:54,611 - Inside getPackArray method
2019-08-24 01:29:54,612 - Inside calculateMinPacks method
2019-08-24 01:29:54,613 - Inside calculateMinPacks method
2019-08-24 01:32:13,515 - Inside readOrder method
2019-08-24 01:32:17,257 - Inside processOrder method
2019-08-24 01:32:17,259 - Inside getPackArray method
2019-08-24 01:32:17,259 - Inside calculateMinPacks method
2019-08-24 01:32:17,259 - Inside calculateMinPacks method
2019-08-24 01:32:38,186 - Inside readOrder method
2019-08-24 01:32:41,861 - Inside processOrder method
2019-08-24 01:32:41,862 - Inside getPackArray method
2019-08-24 01:32:41,862 - Inside calculateMinPacks method
2019-08-24 01:32:41,863 - Inside calculateMinPacks method
2019-08-24 01:33:47,773 - Inside readOrder method
2019-08-24 01:33:50,722 - Inside processOrder method
2019-08-24 01:33:50,723 - Inside getPackArray method
2019-08-24 01:33:50,723 - Inside calculateMinPacks method
2019-08-24 01:33:50,723 - Inside calculateMinPacks method
2019-08-24 01:34:16,199 - Inside readOrder method
2019-08-24 01:34:19,989 - Inside processOrder method
2019-08-24 01:34:20,029 - Inside getPackArray method
2019-08-24 01:34:20,030 - Inside calculateMinPacks method
2019-08-24 01:34:20,030 - Inside calculateMinPacks method
2019-08-24 01:35:40,962 - Inside readOrder method
2019-08-24 01:35:44,443 - Inside processOrder method
2019-08-24 01:35:44,444 - Inside getPackArray method
2019-08-24 01:35:44,444 - Inside calculateMinPacks method
2019-08-24 01:35:44,444 - Inside calculateMinPacks method
2019-08-24 01:36:12,092 - Inside readOrder method
2019-08-24 01:36:15,821 - Inside processOrder method
2019-08-24 01:36:15,823 - Inside getPackArray method
2019-08-24 01:36:15,823 - Inside calculateMinPacks method
2019-08-24 01:36:15,823 - Inside calculateMinPacks method
2019-08-24 01:36:46,635 - Inside readOrder method
2019-08-24 01:36:49,966 - Inside processOrder method
2019-08-24 01:36:49,967 - Inside getPackArray method
2019-08-24 01:36:49,967 - Inside calculateMinPacks method
2019-08-24 01:36:49,967 - Inside calculateMinPacks method
2019-08-24 01:37:12,298 - Inside readOrder method
2019-08-24 01:37:16,967 - Inside processOrder method
2019-08-24 01:37:16,968 - Inside getPackArray method
2019-08-24 01:37:16,968 - Inside calculateMinPacks method
2019-08-24 01:37:16,968 - Inside calculateMinPacks method
2019-08-24 01:40:48,768 - Inside readOrder method
2019-08-24 01:40:52,324 - Inside processOrder method
2019-08-24 01:40:52,330 - Inside getPackArray method
2019-08-24 01:40:52,331 - Inside calculateMinPacks method
2019-08-24 01:40:52,332 - Inside calculateMinPacks method
2019-08-24 01:43:10,858 - Inside readOrder method
2019-08-24 01:43:15,016 - Inside processOrder method
2019-08-24 01:43:15,019 - Inside getPackArray method
2019-08-24 01:43:15,020 - Inside calculateMinPacks method
2019-08-24 01:43:15,021 - Inside calculateMinPacks method
2019-08-24 01:43:47,755 - Inside readOrder method
2019-08-24 01:43:51,169 - Inside processOrder method
2019-08-24 01:43:51,171 - Inside getPackArray method
2019-08-24 01:43:51,171 - Inside calculateMinPacks method
2019-08-24 01:43:51,172 - Inside calculateMinPacks method
2019-08-24 01:47:08,643 - Inside readOrder method
2019-08-24 01:47:18,606 - Inside processOrder method
2019-08-24 01:47:18,610 - Inside getPackArray method
2019-08-24 01:47:18,611 - Inside calculateMinPacks method
2019-08-24 01:47:18,612 - Inside calculateMinPacks method
